8/19/2016 10:23:08 PM: Load completed on VNDB page: https://vndb.org/v3271
8/19/2016 10:23:08 PM: Selected visual novel changed to: Akibakei Kanojo
8/19/2016 10:23:08 PM: Going to known address: https://vndb.org/v1324
8/19/2016 10:23:08 PM: OnWebBrowserNavigate URL: https://vndb.org/v1324
8/19/2016 10:23:08 PM: Load completed on VNDB page: https://vndb.org/v1324
8/19/2016 10:23:08 PM: Selected visual novel changed to: Akumu
8/19/2016 10:23:08 PM: Going to known address: https://vndb.org/v2026
8/19/2016 10:23:09 PM: OnWebBrowserNavigate URL: https://vndb.org/v2026
8/19/2016 10:23:09 PM: Load completed on VNDB page: https://vndb.org/v2026
8/19/2016 10:23:09 PM: Selected visual novel changed to: Akeiro Kaikitan
8/19/2016 10:23:09 PM: Going to known address: https://vndb.org/v18495
8/19/2016 10:23:09 PM: OnWebBrowserNavigate URL: https://vndb.org/v18495
8/19/2016 10:23:09 PM: Load completed on VNDB page: https://vndb.org/v18495
8/19/2016 10:23:09 PM: Selected visual novel changed to: Aka
8/19/2016 10:23:09 PM: Going to known address: https://vndb.org/v1136
8/19/2016 10:23:09 PM: OnWebBrowserNavigate URL: https://vndb.org/v1136
8/19/2016 10:23:09 PM: Load completed on VNDB page: https://vndb.org/v1136
8/19/2016 10:23:09 PM: Selected visual novel changed to: Aisare Roommate
8/19/2016 10:23:09 PM: Going to known address: https://vndb.org/v13633
8/19/2016 10:23:10 PM: OnWebBrowserNavigate URL: https://vndb.org/v13633
8/19/2016 10:23:10 PM: Load completed on VNDB page: https://vndb.org/v13633
8/19/2016 10:23:13 PM: Selected visual novel changed to: Aka
8/19/2016 10:23:13 PM: Going to known address: https://vndb.org/v1136
8/19/2016 10:23:13 PM: OnWebBrowserNavigate URL: https://vndb.org/v1136
8/19/2016 10:23:13 PM: Load completed on VNDB page: https://vndb.org/v1136
8/19/2016 10:23:16 PM: Selected visual novel changed to: Akatsuki no Goei ~Tsumibukaki Shuumatsuron~
8/19/2016 10:23:16 PM: Going to known address: https://vndb.org/v3271
8/19/2016 10:23:17 PM: OnWebBrowserNavigate URL: https://vndb.org/v3271
8/19/2016 10:23:17 PM: Load completed on VNDB page: https://vndb.org/v3271
8/19/2016 10:23:24 PM: Selected visual novel changed to: Aku Josou
8/19/2016 10:23:24 PM: Going to known address: https://vndb.org/v13801
8/19/2016 10:23:25 PM: OnWebBrowserNavigate URL: https://vndb.org/v13801
8/19/2016 10:23:26 PM: Load completed on VNDB page: https://vndb.org/v13801
8/19/2016 10:39:06 PM: Starting InitVnList
8/19/2016 10:39:06 PM: Starting InitMenuBar
8/19/2016 10:39:06 PM: Starting ReloadVnListColumns
8/19/2016 10:39:06 PM: Starting LoadVnList
8/19/2016 10:39:06 PM: Starting LoadVnList.
8/19/2016 10:39:07 PM: Ending LoadVnList.
8/19/2016 10:39:10 PM: OnWebBrowserNavigate URL: https://vndb.org/
8/19/2016 10:39:10 PM: Load completed on non-VNDB page: https://vndb.org/
8/19/2016 10:39:26 PM: Starting InitVnList
8/19/2016 10:39:26 PM: Starting InitMenuBar
8/19/2016 10:39:26 PM: Starting ReloadVnListColumns
8/19/2016 10:39:26 PM: Starting LoadVnList
8/19/2016 10:39:26 PM: Starting LoadVnList.
8/19/2016 10:39:27 PM: Ending LoadVnList.
8/19/2016 10:39:28 PM: OnWebBrowserNavigate URL: https://vndb.org/
8/19/2016 10:39:29 PM: Load completed on non-VNDB page: https://vndb.org/
8/19/2016 10:40:40 PM: Starting InitVnList
8/19/2016 10:40:40 PM: Starting InitMenuBar
8/19/2016 10:40:40 PM: Starting ReloadVnListColumns
8/19/2016 10:40:40 PM: Starting LoadVnList
8/19/2016 10:40:40 PM: Starting LoadVnList.
8/19/2016 10:40:41 PM: Ending LoadVnList.
8/19/2016 10:40:42 PM: OnWebBrowserNavigate URL: https://vndb.org/
8/19/2016 10:40:43 PM: Load completed on non-VNDB page: https://vndb.org/
8/19/2016 10:41:05 PM: Starting InitVnList
8/19/2016 10:41:05 PM: Starting InitMenuBar
8/19/2016 10:41:05 PM: Starting ReloadVnListColumns
8/19/2016 10:41:05 PM: Starting LoadVnList
8/19/2016 10:41:05 PM: Starting LoadVnList.
8/19/2016 10:41:06 PM: Ending LoadVnList.
8/19/2016 10:41:08 PM: OnWebBrowserNavigate URL: https://vndb.org/
8/19/2016 10:41:08 PM: Load completed on non-VNDB page: https://vndb.org/
8/19/2016 10:43:08 PM: Starting InitVnList
8/19/2016 10:43:08 PM: Starting InitMenuBar
8/19/2016 10:43:08 PM: Starting ReloadVnListColumns
8/19/2016 10:43:08 PM: Starting LoadVnList
8/19/2016 10:43:08 PM: Starting LoadVnList.
8/19/2016 10:43:09 PM: Ending LoadVnList.
8/19/2016 10:43:10 PM: OnWebBrowserNavigate URL: https://vndb.org/
8/19/2016 10:43:11 PM: Load completed on non-VNDB page: https://vndb.org/
8/19/2016 10:44:08 PM: Starting InitVnList
8/19/2016 10:44:08 PM: Starting InitMenuBar
8/19/2016 10:44:08 PM: Starting ReloadVnListColumns
8/19/2016 10:44:08 PM: Starting LoadVnList
8/19/2016 10:44:08 PM: Starting LoadVnList.
8/19/2016 10:44:09 PM: Ending LoadVnList.
8/19/2016 10:44:10 PM: OnWebBrowserNavigate URL: https://vndb.org/
8/19/2016 10:44:10 PM: Load completed on non-VNDB page: https://vndb.org/
8/19/2016 10:46:00 PM: Starting InitVnList
8/19/2016 10:46:00 PM: Starting InitMenuBar
8/19/2016 10:46:00 PM: Starting ReloadVnListColumns
8/19/2016 10:46:00 PM: Starting LoadVnList
8/19/2016 10:46:00 PM: Starting LoadVnList.
8/19/2016 10:46:02 PM: Ending LoadVnList.
8/19/2016 10:46:03 PM: OnWebBrowserNavigate URL: https://vndb.org/
8/19/2016 10:46:04 PM: Load completed on non-VNDB page: https://vndb.org/
8/19/2016 10:53:25 PM: Starting InitVnList
8/19/2016 10:53:25 PM: Starting InitMenuBar
8/19/2016 10:53:25 PM: Starting ReloadVnListColumns
8/19/2016 10:53:25 PM: Starting LoadVnList
8/19/2016 10:53:25 PM: Starting LoadVnList.
8/19/2016 10:53:26 PM: Ending LoadVnList.
8/19/2016 10:53:27 PM: OnWebBrowserNavigate URL: https://vndb.org/
8/19/2016 10:53:27 PM: Load completed on non-VNDB page: https://vndb.org/
8/19/2016 11:05:10 PM: Starting InitVnList
8/19/2016 11:05:10 PM: Starting InitMenuBar
8/19/2016 11:05:10 PM: Starting ReloadVnListColumns
8/19/2016 11:05:10 PM: Starting LoadVnList
8/19/2016 11:05:10 PM: Starting LoadVnList.
8/19/2016 11:05:11 PM: Ending LoadVnList.
8/19/2016 11:05:12 PM: OnWebBrowserNavigate URL: https://vndb.org/
8/19/2016 11:05:12 PM: Load completed on non-VNDB page: https://vndb.org/
8/19/2016 11:05:27 PM: Starting InitVnList
8/19/2016 11:05:27 PM: Starting InitMenuBar
8/19/2016 11:05:27 PM: Starting ReloadVnListColumns
8/19/2016 11:05:27 PM: Starting LoadVnList
8/19/2016 11:05:27 PM: Starting LoadVnList.
8/19/2016 11:05:28 PM: Ending LoadVnList.
8/19/2016 11:05:29 PM: OnWebBrowserNavigate URL: https://vndb.org/
8/19/2016 11:05:29 PM: Load completed on non-VNDB page: https://vndb.org/
8/19/2016 11:05:41 PM: Starting InitVnList
8/19/2016 11:05:41 PM: Starting InitMenuBar
8/19/2016 11:05:41 PM: Starting ReloadVnListColumns
8/19/2016 11:05:41 PM: Starting LoadVnList
8/19/2016 11:05:41 PM: Starting LoadVnList.
8/19/2016 11:05:42 PM: Ending LoadVnList.
8/19/2016 11:05:43 PM: OnWebBrowserNavigate URL: https://vndb.org/
8/19/2016 11:05:43 PM: Load completed on non-VNDB page: https://vndb.org/
8/19/2016 11:06:03 PM: Opening settings.
8/19/2016 11:06:06 PM: Resetting Settings.
8/19/2016 11:06:12 PM: Starting InitVnList
8/19/2016 11:06:12 PM: Starting InitMenuBar
8/19/2016 11:06:12 PM: Starting ReloadVnListColumns
8/19/2016 11:06:12 PM: Starting LoadVnList
8/19/2016 11:06:12 PM: Starting LoadVnList.
8/19/2016 11:06:13 PM: Ending LoadVnList.
8/19/2016 11:06:14 PM: OnWebBrowserNavigate URL: https://vndb.org/
8/19/2016 11:06:14 PM: Load completed on non-VNDB page: https://vndb.org/
8/19/2016 11:09:20 PM: Starting InitVnList
8/19/2016 11:09:20 PM: Starting InitMenuBar
8/19/2016 11:09:20 PM: Starting ReloadVnListColumns
8/19/2016 11:09:20 PM: Starting LoadVnList
8/19/2016 11:09:20 PM: Starting LoadVnList.
8/19/2016 11:09:21 PM: Ending LoadVnList.
8/19/2016 11:09:22 PM: OnWebBrowserNavigate URL: https://vndb.org/
8/19/2016 11:09:22 PM: Load completed on non-VNDB page: https://vndb.org/
8/19/2016 11:09:27 PM: Opening settings.
8/19/2016 11:09:29 PM: Resetting Settings.
8/19/2016 11:11:59 PM: Starting InitVnList
8/19/2016 11:11:59 PM: Starting InitMenuBar
8/19/2016 11:11:59 PM: Starting ReloadVnListColumns
8/19/2016 11:11:59 PM: Starting LoadVnList
8/19/2016 11:11:59 PM: Starting LoadVnList.
8/19/2016 11:12:00 PM: Ending LoadVnList.
8/19/2016 11:12:02 PM: OnWebBrowserNavigate URL: https://vndb.org/
8/19/2016 11:12:03 PM: Load completed on non-VNDB page: https://vndb.org/
8/19/2016 11:12:04 PM: Opening settings.
8/19/2016 11:12:06 PM: Resetting Settings.
8/19/2016 11:12:27 PM: Starting InitVnList
8/19/2016 11:12:27 PM: Starting InitMenuBar
8/19/2016 11:12:27 PM: Starting ReloadVnListColumns
8/19/2016 11:12:27 PM: Starting LoadVnList
8/19/2016 11:12:27 PM: Starting LoadVnList.
8/19/2016 11:12:28 PM: Ending LoadVnList.
8/19/2016 11:12:29 PM: OnWebBrowserNavigate URL: https://vndb.org/
8/19/2016 11:12:29 PM: Load completed on non-VNDB page: https://vndb.org/
8/19/2016 11:14:59 PM: Starting InitVnList
8/19/2016 11:14:59 PM: Starting InitMenuBar
8/19/2016 11:14:59 PM: Starting ReloadVnListColumns
8/19/2016 11:14:59 PM: Starting LoadVnList
8/19/2016 11:14:59 PM: Starting LoadVnList.
8/19/2016 11:15:00 PM: Ending LoadVnList.
8/19/2016 11:15:01 PM: OnWebBrowserNavigate URL: https://vndb.org/
8/19/2016 11:15:01 PM: Load completed on non-VNDB page: https://vndb.org/
8/19/2016 11:15:39 PM: Starting InitVnList
8/19/2016 11:15:39 PM: Starting InitMenuBar
8/19/2016 11:15:39 PM: Starting ReloadVnListColumns
8/19/2016 11:15:39 PM: Starting LoadVnList
8/19/2016 11:15:39 PM: Starting LoadVnList.
8/19/2016 11:15:40 PM: Ending LoadVnList.
8/19/2016 11:15:41 PM: OnWebBrowserNavigate URL: https://vndb.org/
8/19/2016 11:15:42 PM: Load completed on non-VNDB page: https://vndb.org/
8/19/2016 11:15:48 PM: Opening settings.
8/19/2016 11:15:50 PM: Resetting Settings.
8/19/2016 11:26:10 PM: Starting InitVnList
8/19/2016 11:26:10 PM: Starting InitMenuBar
8/19/2016 11:26:10 PM: Starting ReloadVnListColumns
8/19/2016 11:26:10 PM: Starting LoadVnList
8/19/2016 11:26:10 PM: Starting LoadVnList.
8/19/2016 11:26:11 PM: Ending LoadVnList.
8/19/2016 11:26:12 PM: OnWebBrowserNavigate URL: https://vndb.org/
8/19/2016 11:26:12 PM: Load completed on non-VNDB page: https://vndb.org/
8/19/2016 11:26:23 PM: Opening settings.
8/19/2016 11:26:26 PM: Resetting Settings.
8/19/2016 11:27:18 PM: Starting InitVnList
8/19/2016 11:27:18 PM: Starting InitMenuBar
8/19/2016 11:27:18 PM: Starting ReloadVnListColumns
8/19/2016 11:27:18 PM: Starting LoadVnList
8/19/2016 11:27:18 PM: Starting LoadVnList.
8/19/2016 11:27:19 PM: Ending LoadVnList.
8/19/2016 11:27:20 PM: OnWebBrowserNavigate URL: https://vndb.org/
8/19/2016 11:27:21 PM: Load completed on non-VNDB page: https://vndb.org/
8/19/2016 11:27:27 PM: Opening settings.
8/19/2016 11:27:29 PM: Resetting Settings.
8/19/2016 11:27:54 PM: Starting InitVnList
8/19/2016 11:27:54 PM: Starting InitMenuBar
8/19/2016 11:27:54 PM: Starting ReloadVnListColumns
8/19/2016 11:27:54 PM: Starting LoadVnList
8/19/2016 11:27:54 PM: Starting LoadVnList.
8/19/2016 11:27:55 PM: Ending LoadVnList.
8/19/2016 11:27:56 PM: OnWebBrowserNavigate URL: https://vndb.org/
8/19/2016 11:27:57 PM: Load completed on non-VNDB page: https://vndb.org/
8/19/2016 11:30:08 PM: Starting InitVnList
8/19/2016 11:30:08 PM: Starting InitMenuBar
8/19/2016 11:30:08 PM: Starting ReloadVnListColumns
8/19/2016 11:30:08 PM: Starting LoadVnList
8/19/2016 11:30:08 PM: Starting LoadVnList.
8/19/2016 11:30:09 PM: Ending LoadVnList.
8/19/2016 11:30:10 PM: OnWebBrowserNavigate URL: https://vndb.org/
8/19/2016 11:30:11 PM: Load completed on non-VNDB page: https://vndb.org/
8/19/2016 11:30:16 PM: Opening settings.
8/19/2016 11:30:19 PM: Resetting Settings.
8/19/2016 11:30:24 PM: Opening settings.
8/19/2016 11:32:58 PM: Starting InitVnList
8/19/2016 11:32:58 PM: Starting InitMenuBar
8/19/2016 11:32:58 PM: Starting ReloadVnListColumns
8/19/2016 11:32:58 PM: Starting LoadVnList
8/19/2016 11:32:58 PM: Starting LoadVnList.
8/19/2016 11:32:59 PM: Ending LoadVnList.
8/19/2016 11:33:01 PM: OnWebBrowserNavigate URL: https://vndb.org/
8/19/2016 11:33:01 PM: Load completed on non-VNDB page: https://vndb.org/
8/19/2016 11:33:03 PM: Opening settings.
8/19/2016 11:33:09 PM: Resetting Settings.
8/19/2016 11:34:43 PM: Starting InitVnList
8/19/2016 11:34:43 PM: Starting InitMenuBar
8/19/2016 11:34:43 PM: Starting ReloadVnListColumns
8/19/2016 11:34:43 PM: Starting LoadVnList
8/19/2016 11:34:43 PM: Starting LoadVnList.
8/19/2016 11:34:44 PM: Ending LoadVnList.
8/19/2016 11:34:46 PM: OnWebBrowserNavigate URL: https://vndb.org/
8/19/2016 11:34:46 PM: Load completed on non-VNDB page: https://vndb.org/
8/19/2016 11:34:49 PM: Opening settings.
8/19/2016 11:34:51 PM: Resetting Settings.
8/19/2016 11:34:59 PM: Opening settings.
8/19/2016 11:35:18 PM: Starting InitVnList
8/19/2016 11:35:18 PM: Starting InitMenuBar
8/19/2016 11:35:18 PM: Starting ReloadVnListColumns
8/19/2016 11:35:18 PM: Starting LoadVnList
8/19/2016 11:35:18 PM: Starting LoadVnList.
8/19/2016 11:35:19 PM: Ending LoadVnList.
8/19/2016 11:35:20 PM: OnWebBrowserNavigate URL: https://vndb.org/
8/19/2016 11:35:20 PM: Load completed on non-VNDB page: https://vndb.org/
8/19/2016 11:43:31 PM: Starting InitVnList
8/19/2016 11:43:31 PM: Starting InitMenuBar
8/19/2016 11:43:31 PM: Starting ReloadVnListColumns
8/19/2016 11:43:31 PM: Starting LoadVnList
8/19/2016 11:43:31 PM: Starting LoadVnList.
8/19/2016 11:43:32 PM: Ending LoadVnList.
8/19/2016 11:43:34 PM: OnWebBrowserNavigate URL: https://vndb.org/
8/19/2016 11:43:34 PM: Load completed on non-VNDB page: https://vndb.org/
8/19/2016 11:43:44 PM: Opening settings.
8/19/2016 11:43:50 PM: Resetting Settings.
8/19/2016 11:44:35 PM: Starting InitVnList
8/19/2016 11:44:35 PM: Starting InitMenuBar
8/19/2016 11:44:35 PM: Starting ReloadVnListColumns
8/19/2016 11:44:35 PM: Starting LoadVnList
8/19/2016 11:44:35 PM: Starting LoadVnList.
8/19/2016 11:44:36 PM: Ending LoadVnList.
8/19/2016 11:44:37 PM: OnWebBrowserNavigate URL: https://vndb.org/
8/19/2016 11:44:37 PM: Load completed on non-VNDB page: https://vndb.org/
8/19/2016 11:45:52 PM: Starting InitVnList
8/19/2016 11:45:52 PM: Starting InitMenuBar
8/19/2016 11:45:52 PM: Starting ReloadVnListColumns
8/19/2016 11:45:52 PM: Starting LoadVnList
8/19/2016 11:45:52 PM: Starting LoadVnList.
8/19/2016 11:45:53 PM: Ending LoadVnList.
8/19/2016 11:45:54 PM: OnWebBrowserNavigate URL: https://vndb.org/
8/19/2016 11:45:55 PM: Load completed on non-VNDB page: https://vndb.org/
8/19/2016 11:45:58 PM: Opening settings.
8/19/2016 11:47:16 PM: Starting InitVnList
8/19/2016 11:47:16 PM: Starting InitMenuBar
8/19/2016 11:47:16 PM: Starting ReloadVnListColumns
8/19/2016 11:47:16 PM: Starting LoadVnList
8/19/2016 11:47:16 PM: Starting LoadVnList.
8/19/2016 11:47:17 PM: Ending LoadVnList.
8/19/2016 11:47:18 PM: OnWebBrowserNavigate URL: https://vndb.org/
8/19/2016 11:47:19 PM: Load completed on non-VNDB page: https://vndb.org/
8/19/2016 11:47:22 PM: Selected visual novel changed to: AliveZ
8/19/2016 11:47:22 PM: Going to known address: https://vndb.org/v958
8/19/2016 11:47:23 PM: OnWebBrowserNavigate URL: https://vndb.org/v958
8/19/2016 11:47:23 PM: Load completed on VNDB page: https://vndb.org/v958
8/19/2016 11:47:33 PM: Selected visual novel changed to: Higurashi no Naku Koro ni Kai
8/19/2016 11:47:33 PM: Going to known address: https://vndb.org/v68
8/19/2016 11:47:33 PM: OnWebBrowserNavigate URL: https://vndb.org/v68
8/19/2016 11:47:33 PM: Load completed on VNDB page: https://vndb.org/v68
8/19/2016 11:47:35 PM: Selected visual novel changed to: Chaos;Child
8/19/2016 11:47:35 PM: Going to known address: https://vndb.org/v14018
8/19/2016 11:47:35 PM: OnWebBrowserNavigate URL: https://vndb.org/v14018
8/19/2016 11:47:36 PM: Load completed on VNDB page: https://vndb.org/v14018
8/19/2016 11:47:40 PM: Selected visual novel changed to: Kore D．P．S．？
8/19/2016 11:47:40 PM: Going to known address: https://vndb.org/v1825
8/19/2016 11:47:41 PM: OnWebBrowserNavigate URL: https://vndb.org/v1825
8/19/2016 11:47:41 PM: Load completed on VNDB page: https://vndb.org/v1825
8/19/2016 11:48:02 PM: Opening settings.
8/19/2016 11:48:07 PM: Resetting Settings.
8/19/2016 11:48:21 PM: OnWebBrowserNavigate URL: https://vndb.org/
8/19/2016 11:48:21 PM: Load completed on non-VNDB page: https://vndb.org/
8/19/2016 11:48:56 PM: OnWebBrowserNavigate URL: https://vndb.org/v440
8/19/2016 11:48:57 PM: Load completed on VNDB page: https://vndb.org/v440
8/19/2016 11:49:04 PM: OnWebBrowserNavigate URL: https://vndb.org/v440
8/19/2016 11:49:04 PM: Load completed on VNDB page: https://vndb.org/v440
8/19/2016 11:50:00 PM: Starting InitVnList
8/19/2016 11:50:00 PM: Starting InitMenuBar
8/19/2016 11:50:00 PM: Starting ReloadVnListColumns
8/19/2016 11:50:00 PM: Starting LoadVnList
8/19/2016 11:50:00 PM: Starting LoadVnList.
8/19/2016 11:50:02 PM: Ending LoadVnList.
8/19/2016 11:50:03 PM: OnWebBrowserNavigate URL: https://vndb.org/
8/19/2016 11:50:03 PM: Load completed on non-VNDB page: https://vndb.org/
8/19/2016 11:50:06 PM: OnWebBrowserNavigate URL: https://vndb.org/v15365
8/19/2016 11:50:07 PM: Load completed on VNDB page: https://vndb.org/v15365
8/19/2016 11:50:13 PM: OnWebBrowserNavigate URL: https://vndb.org/
8/19/2016 11:50:13 PM: Load completed on non-VNDB page: https://vndb.org/
8/19/2016 11:50:17 PM: Opening settings.
8/19/2016 11:50:19 PM: Resetting Settings.
8/19/2016 11:52:03 PM: Starting InitVnList
8/19/2016 11:52:03 PM: Starting InitMenuBar
8/19/2016 11:52:03 PM: Starting ReloadVnListColumns
8/19/2016 11:52:03 PM: Starting LoadVnList
8/19/2016 11:52:03 PM: Starting LoadVnList.
8/19/2016 11:52:04 PM: Ending LoadVnList.
8/19/2016 11:52:06 PM: OnWebBrowserNavigate URL: https://vndb.org/
8/19/2016 11:52:06 PM: Load completed on non-VNDB page: https://vndb.org/
8/20/2016 12:01:44 AM: Starting InitVnList
8/20/2016 12:01:44 AM: Starting InitMenuBar
8/20/2016 12:01:44 AM: Starting ReloadVnListColumns
8/20/2016 12:01:44 AM: Starting LoadVnList
8/20/2016 12:01:44 AM: Starting LoadVnList.
8/20/2016 12:01:45 AM: Ending LoadVnList.
8/20/2016 12:01:46 AM: OnWebBrowserNavigate URL: https://vndb.org/
8/20/2016 12:01:47 AM: Load completed on non-VNDB page: https://vndb.org/
8/20/2016 12:02:08 AM: OnWebBrowserNavigate URL: https://vndb.org/v12711
8/20/2016 12:02:09 AM: Load completed on VNDB page: https://vndb.org/v12711
8/20/2016 12:04:54 AM: Starting InitVnList
8/20/2016 12:04:54 AM: Starting InitMenuBar
8/20/2016 12:04:54 AM: Starting ReloadVnListColumns
8/20/2016 12:04:54 AM: Starting LoadVnList
8/20/2016 12:04:54 AM: Starting LoadVnList.
8/20/2016 12:04:55 AM: Ending LoadVnList.
8/20/2016 12:04:56 AM: OnWebBrowserNavigate URL: https://vndb.org/
8/20/2016 12:04:57 AM: Load completed on non-VNDB page: https://vndb.org/
8/20/2016 12:05:30 AM: Starting InitVnList
8/20/2016 12:05:30 AM: Starting InitMenuBar
8/20/2016 12:05:30 AM: Starting ReloadVnListColumns
8/20/2016 12:05:30 AM: Starting LoadVnList
8/20/2016 12:05:30 AM: Starting LoadVnList.
8/20/2016 12:05:31 AM: Ending LoadVnList.
8/20/2016 12:05:32 AM: OnWebBrowserNavigate URL: https://vndb.org/
8/20/2016 12:05:32 AM: Load completed on non-VNDB page: https://vndb.org/
8/20/2016 12:07:15 AM: Starting InitVnList
8/20/2016 12:07:15 AM: Starting InitMenuBar
8/20/2016 12:07:15 AM: Starting ReloadVnListColumns
8/20/2016 12:07:15 AM: Starting LoadVnList
8/20/2016 12:07:15 AM: Starting LoadVnList.
8/20/2016 12:07:16 AM: Ending LoadVnList.
8/20/2016 12:07:17 AM: OnWebBrowserNavigate URL: https://vndb.org/
8/20/2016 12:07:17 AM: Load completed on non-VNDB page: https://vndb.org/
8/20/2016 12:11:10 AM: Starting InitVnList
8/20/2016 12:11:10 AM: Starting InitMenuBar
8/20/2016 12:11:10 AM: Starting ReloadVnListColumns
8/20/2016 12:11:10 AM: Starting LoadVnList
8/20/2016 12:11:10 AM: Starting LoadVnList.
8/20/2016 12:11:11 AM: Ending LoadVnList.
8/20/2016 12:11:13 AM: OnWebBrowserNavigate URL: https://vndb.org/
8/20/2016 12:11:13 AM: Load completed on non-VNDB page: https://vndb.org/
8/20/2016 12:12:03 AM: Starting InitVnList
8/20/2016 12:12:03 AM: Starting InitMenuBar
8/20/2016 12:12:03 AM: Starting ReloadVnListColumns
8/20/2016 12:12:03 AM: Starting LoadVnList
8/20/2016 12:12:03 AM: Starting LoadVnList.
8/20/2016 12:12:04 AM: Ending LoadVnList.
8/20/2016 12:12:06 AM: OnWebBrowserNavigate URL: https://vndb.org/
8/20/2016 12:12:06 AM: Load completed on non-VNDB page: https://vndb.org/
8/20/2016 12:12:15 AM: Starting LoadVnList.
8/20/2016 12:12:16 AM: Ending LoadVnList.
8/20/2016 12:12:57 AM: Opening cover grid with 1485 VNs
8/20/2016 12:13:16 AM: Cover Image Clicked: I:\VNs\Kusari
8/20/2016 12:13:16 AM: Selected visual novel changed to: Kusari
8/20/2016 12:13:16 AM: Going to known address: https://vndb.org/v181
8/20/2016 12:13:17 AM: OnWebBrowserNavigate URL: https://vndb.org/v181
8/20/2016 12:13:17 AM: Load completed on VNDB page: https://vndb.org/v181
8/20/2016 12:13:25 AM: Cover Image Clicked: H:\VNs\Lilith-Izm05 ~Tairyou Shasei Hen~
8/20/2016 12:13:25 AM: Selected visual novel changed to: Lilith-Izm05 ~Tairyou Shasei Hen~
8/20/2016 12:13:25 AM: Going to known address: https://vndb.org/v5261
8/20/2016 12:13:25 AM: OnWebBrowserNavigate URL: https://vndb.org/v5261
8/20/2016 12:13:25 AM: Load completed on VNDB page: https://vndb.org/v5261
8/20/2016 12:25:14 AM: Opening settings.
8/20/2016 12:25:17 AM: Resetting Settings.
8/20/2016 12:44:37 AM: Starting InitVnList
8/20/2016 12:44:37 AM: Starting InitMenuBar
8/20/2016 12:44:37 AM: Starting ReloadVnListColumns
8/20/2016 12:44:37 AM: Starting LoadVnList
8/20/2016 12:44:37 AM: Starting LoadVnList.
8/20/2016 12:44:38 AM: Ending LoadVnList.
8/20/2016 12:44:39 AM: OnWebBrowserNavigate URL: https://vndb.org/
8/20/2016 12:44:39 AM: Load completed on non-VNDB page: https://vndb.org/
8/20/2016 12:45:04 AM: Opening directories window.
8/20/2016 12:45:07 AM: Starting LoadVnList.
8/20/2016 12:45:07 AM: Ending LoadVnList.
8/20/2016 12:45:08 AM: Opening directories window.
8/20/2016 12:45:16 AM: Starting LoadVnList.
8/20/2016 12:45:16 AM: Ending LoadVnList.
8/20/2016 12:45:17 AM: Selected visual novel changed to: Fate Stay Night
8/20/2016 12:45:17 AM: Searching VNDB for Fate Stay Night
8/20/2016 12:45:18 AM: OnWebBrowserNavigate URL: https://vndb.org/v/all?sq=Fate Stay Night
8/20/2016 12:45:18 AM: Load completed on non-VNDB page: https://vndb.org/v/all?sq=Fate Stay Night
8/20/2016 12:46:46 AM: Starting InitVnList
8/20/2016 12:46:46 AM: Starting InitMenuBar
8/20/2016 12:46:46 AM: Starting ReloadVnListColumns
8/20/2016 12:46:46 AM: Starting LoadVnList
8/20/2016 12:46:46 AM: Starting LoadVnList.
8/20/2016 12:46:46 AM: Ending LoadVnList.
8/20/2016 12:46:47 AM: OnWebBrowserNavigate URL: https://vndb.org/
8/20/2016 12:46:47 AM: Load completed on non-VNDB page: https://vndb.org/
8/20/2016 12:46:48 AM: Selected visual novel changed to: Fate Stay Night
8/20/2016 12:46:48 AM: Searching VNDB for Fate Stay Night
8/20/2016 12:46:48 AM: OnWebBrowserNavigate URL: https://vndb.org/v/all?sq=Fate Stay Night
8/20/2016 12:46:48 AM: Load completed on non-VNDB page: https://vndb.org/v/all?sq=Fate Stay Night
8/20/2016 12:47:11 AM: Starting InitVnList
8/20/2016 12:47:11 AM: Starting InitMenuBar
8/20/2016 12:47:11 AM: Starting ReloadVnListColumns
8/20/2016 12:47:11 AM: Starting LoadVnList
8/20/2016 12:47:11 AM: Starting LoadVnList.
8/20/2016 12:47:11 AM: Ending LoadVnList.
8/20/2016 12:47:12 AM: OnWebBrowserNavigate URL: https://vndb.org/
8/20/2016 12:47:12 AM: Load completed on non-VNDB page: https://vndb.org/
8/20/2016 12:47:13 AM: Selected visual novel changed to: Fate Stay Night
8/20/2016 12:47:13 AM: Searching VNDB for Fate Stay Night
8/20/2016 12:47:14 AM: OnWebBrowserNavigate URL: https://vndb.org/v/all?sq=Fate Stay Night
8/20/2016 12:47:14 AM: Load completed on non-VNDB page: https://vndb.org/v/all?sq=Fate Stay Night
8/20/2016 12:47:46 AM: Starting InitVnList
8/20/2016 12:47:46 AM: Starting InitMenuBar
8/20/2016 12:47:46 AM: Starting ReloadVnListColumns
8/20/2016 12:47:46 AM: Starting LoadVnList
8/20/2016 12:47:46 AM: Starting LoadVnList.
8/20/2016 12:47:46 AM: Ending LoadVnList.
8/20/2016 12:47:48 AM: OnWebBrowserNavigate URL: https://vndb.org/
8/20/2016 12:47:48 AM: Load completed on non-VNDB page: https://vndb.org/
8/20/2016 12:47:49 AM: Selected visual novel changed to: Fate Stay Night
8/20/2016 12:47:49 AM: Searching VNDB for Fate Stay Night
8/20/2016 12:47:50 AM: OnWebBrowserNavigate URL: https://vndb.org/v/all?sq=Fate Stay Night
8/20/2016 12:47:50 AM: Load completed on non-VNDB page: https://vndb.org/v/all?sq=Fate Stay Night
8/20/2016 12:48:08 AM: Starting InitVnList
8/20/2016 12:48:08 AM: Starting InitMenuBar
8/20/2016 12:48:08 AM: Starting ReloadVnListColumns
8/20/2016 12:48:08 AM: Starting LoadVnList
8/20/2016 12:48:08 AM: Starting LoadVnList.
8/20/2016 12:48:08 AM: Ending LoadVnList.
8/20/2016 12:48:09 AM: OnWebBrowserNavigate URL: https://vndb.org/
8/20/2016 12:48:09 AM: Load completed on non-VNDB page: https://vndb.org/
8/20/2016 12:48:10 AM: Selected visual novel changed to: Fate Stay Night
8/20/2016 12:48:10 AM: Searching VNDB for Fate Stay Night
8/20/2016 12:48:10 AM: OnWebBrowserNavigate URL: https://vndb.org/v/all?sq=Fate Stay Night
8/20/2016 12:48:11 AM: Load completed on non-VNDB page: https://vndb.org/v/all?sq=Fate Stay Night
8/20/2016 12:48:34 AM: Starting InitVnList
8/20/2016 12:48:34 AM: Starting InitMenuBar
8/20/2016 12:48:34 AM: Starting ReloadVnListColumns
8/20/2016 12:48:34 AM: Starting LoadVnList
8/20/2016 12:48:34 AM: Starting LoadVnList.
8/20/2016 12:48:34 AM: Ending LoadVnList.
8/20/2016 12:48:36 AM: OnWebBrowserNavigate URL: https://vndb.org/
8/20/2016 12:48:36 AM: Load completed on non-VNDB page: https://vndb.org/
8/20/2016 12:48:36 AM: Selected visual novel changed to: Fate Stay Night
8/20/2016 12:48:36 AM: Searching VNDB for Fate Stay Night
8/20/2016 12:48:36 AM: OnWebBrowserNavigate URL: https://vndb.org/v/all?sq=Fate Stay Night
8/20/2016 12:48:36 AM: Load completed on non-VNDB page: https://vndb.org/v/all?sq=Fate Stay Night
8/20/2016 12:48:38 AM: OnWebBrowserNavigate URL: https://vndb.org/
8/20/2016 12:48:39 AM: Load completed on non-VNDB page: https://vndb.org/
8/20/2016 12:48:40 AM: OnWebBrowserNavigate URL: https://vndb.org/v/all
8/20/2016 12:48:41 AM: Load completed on non-VNDB page: https://vndb.org/v/all
8/20/2016 12:48:42 AM: OnWebBrowserNavigate URL: https://vndb.org/v3615
8/20/2016 12:48:42 AM: Load completed on VNDB page: https://vndb.org/v3615
8/20/2016 12:48:44 AM: OnWebBrowserNavigate URL: https://vndb.org/
8/20/2016 12:48:44 AM: Load completed on non-VNDB page: https://vndb.org/
8/20/2016 12:48:45 AM: OnWebBrowserNavigate URL: https://vndb.org/hist
8/20/2016 12:48:45 AM: Load completed on non-VNDB page: https://vndb.org/hist
8/20/2016 12:48:47 AM: OnWebBrowserNavigate URL: https://vndb.org/v18469
8/20/2016 12:48:47 AM: Load completed on VNDB page: https://vndb.org/v18469
8/20/2016 12:48:48 AM: OnWebBrowserNavigate URL: https://vndb.org/v13740
8/20/2016 12:48:49 AM: Load completed on VNDB page: https://vndb.org/v13740
8/20/2016 12:48:51 AM: OnWebBrowserNavigate URL: https://vndb.org/v9916
8/20/2016 12:48:51 AM: Load completed on VNDB page: https://vndb.org/v9916
8/20/2016 12:49:03 AM: OnWebBrowserNavigate URL: https://vndb.org/v9916
8/20/2016 12:49:03 AM: Load completed on VNDB page: https://vndb.org/v9916
8/20/2016 12:49:04 AM: Selected visual novel changed to: Tsukihime
8/20/2016 12:49:04 AM: Going to known address: https://vndb.org/v17909
8/20/2016 12:49:04 AM: OnWebBrowserNavigate URL: https://vndb.org/v17909
8/20/2016 12:49:04 AM: Load completed on VNDB page: https://vndb.org/v17909
8/20/2016 12:49:05 AM: Selected visual novel changed to: Fate Stay Night
8/20/2016 12:49:05 AM: Searching VNDB for Fate Stay Night
8/20/2016 12:49:05 AM: OnWebBrowserNavigate URL: https://vndb.org/v/all?sq=Fate Stay Night
8/20/2016 12:49:05 AM: Load completed on non-VNDB page: https://vndb.org/v/all?sq=Fate Stay Night
8/20/2016 12:49:32 AM: Starting InitVnList
8/20/2016 12:49:32 AM: Starting InitMenuBar
8/20/2016 12:49:32 AM: Starting ReloadVnListColumns
8/20/2016 12:49:32 AM: Starting LoadVnList
8/20/2016 12:49:32 AM: Starting LoadVnList.
8/20/2016 12:49:32 AM: Ending LoadVnList.
8/20/2016 12:49:33 AM: OnWebBrowserNavigate URL: https://vndb.org/
8/20/2016 12:49:33 AM: Load completed on non-VNDB page: https://vndb.org/
8/20/2016 12:49:34 AM: Selected visual novel changed to: Fate Stay Night
8/20/2016 12:49:34 AM: Searching VNDB for Fate Stay Night
8/20/2016 12:49:34 AM: OnWebBrowserNavigate URL: https://vndb.org/v/all?sq=Fate Stay Night
8/20/2016 12:49:34 AM: Load completed on non-VNDB page: https://vndb.org/v/all?sq=Fate Stay Night
8/20/2016 12:49:36 AM: Starting AutoGoToNext
8/20/2016 12:49:36 AM: Selected visual novel changed to: Fate Stay Night
8/20/2016 12:49:36 AM: Searching VNDB for Fate Stay Night
8/20/2016 12:49:37 AM: OnWebBrowserNavigate URL: https://vndb.org/v/all?sq=Fate Stay Night
8/20/2016 12:49:37 AM: Load completed on non-VNDB page: https://vndb.org/v/all?sq=Fate Stay Night
8/20/2016 12:49:43 AM: Selected visual novel changed to: Tsukihime
8/20/2016 12:49:43 AM: Searching VNDB for Tsukihime
8/20/2016 12:49:43 AM: OnWebBrowserNavigate URL: https://vndb.org/v/all?sq=Tsukihime
8/20/2016 12:49:43 AM: Load completed on non-VNDB page: https://vndb.org/v/all?sq=Tsukihime
8/20/2016 12:49:45 AM: Selected visual novel changed to: Fate Stay Night
8/20/2016 12:49:45 AM: Searching VNDB for Fate Stay Night
8/20/2016 12:49:45 AM: OnWebBrowserNavigate URL: https://vndb.org/v/all?sq=Fate Stay Night
8/20/2016 12:49:45 AM: Load completed on non-VNDB page: https://vndb.org/v/all?sq=Fate Stay Night
8/20/2016 12:51:45 AM: Starting InitVnList
8/20/2016 12:51:45 AM: Starting InitMenuBar
8/20/2016 12:51:45 AM: Starting ReloadVnListColumns
8/20/2016 12:51:45 AM: Starting LoadVnList
8/20/2016 12:51:45 AM: Starting LoadVnList.
8/20/2016 12:51:45 AM: Ending LoadVnList.
8/20/2016 12:51:47 AM: OnWebBrowserNavigate URL: https://vndb.org/
8/20/2016 12:51:47 AM: Load completed on non-VNDB page: https://vndb.org/
8/20/2016 12:51:48 AM: Selected visual novel changed to: Fate Stay Night
8/20/2016 12:51:48 AM: Searching VNDB for Fate Stay Night
8/20/2016 12:51:48 AM: OnWebBrowserNavigate URL: https://vndb.org/v/all?sq=Fate Stay Night
8/20/2016 12:51:48 AM: Load completed on non-VNDB page: https://vndb.org/v/all?sq=Fate Stay Night
8/20/2016 12:51:50 AM: Starting AutoGoToNext
8/20/2016 12:51:50 AM: Selected visual novel changed to: Fate Stay Night
8/20/2016 12:51:50 AM: Searching VNDB for Fate Stay Night
8/20/2016 12:51:50 AM: OnWebBrowserNavigate URL: https://vndb.org/v/all?sq=Fate Stay Night
8/20/2016 12:51:50 AM: Load completed on non-VNDB page: https://vndb.org/v/all?sq=Fate Stay Night
8/20/2016 12:51:50 AM: Selected visual novel changed to: Tsukihime
8/20/2016 12:51:50 AM: Searching VNDB for Tsukihime
8/20/2016 12:51:51 AM: OnWebBrowserNavigate URL: https://vndb.org/v/all?sq=Tsukihime
8/20/2016 12:51:51 AM: Load completed on non-VNDB page: https://vndb.org/v/all?sq=Tsukihime
8/20/2016 12:52:02 AM: Stopping AutoGoToNext (command)
8/20/2016 12:52:05 AM: Starting AutoGoToNext
8/20/2016 12:52:05 AM: Selected visual novel changed to: Fate Stay Night
8/20/2016 12:52:05 AM: Searching VNDB for Fate Stay Night
8/20/2016 12:52:05 AM: OnWebBrowserNavigate URL: https://vndb.org/v/all?sq=Fate Stay Night
8/20/2016 12:52:05 AM: Load completed on non-VNDB page: https://vndb.org/v/all?sq=Fate Stay Night
8/20/2016 12:52:05 AM: Selected visual novel changed to: Tsukihime
8/20/2016 12:52:05 AM: Searching VNDB for Tsukihime
8/20/2016 12:52:05 AM: OnWebBrowserNavigate URL: https://vndb.org/v/all?sq=Tsukihime
8/20/2016 12:52:05 AM: Load completed on non-VNDB page: https://vndb.org/v/all?sq=Tsukihime
8/20/2016 12:52:11 AM: Selected visual novel changed to: Umineko no Naku Koro ni Chiru
8/20/2016 12:52:11 AM: Searching VNDB for Umineko no Naku Koro ni Chiru
8/20/2016 12:52:12 AM: OnWebBrowserNavigate URL: https://vndb.org/v/all?sq=Umineko no Naku Koro ni Chiru
8/20/2016 12:52:12 AM: Load completed on non-VNDB page: https://vndb.org/v/all?sq=Umineko no Naku Koro ni Chiru
8/20/2016 12:52:12 AM: Selected visual novel changed to: Tsukihime
8/20/2016 12:52:12 AM: Searching VNDB for Tsukihime
8/20/2016 12:52:12 AM: OnWebBrowserNavigate URL: https://vndb.org/v/all?sq=Tsukihime
8/20/2016 12:52:12 AM: Load completed on non-VNDB page: https://vndb.org/v/all?sq=Tsukihime
8/20/2016 12:52:15 AM: Selected visual novel changed to: Umineko no Naku Koro ni Chiru
8/20/2016 12:52:15 AM: Searching VNDB for Umineko no Naku Koro ni Chiru
8/20/2016 12:52:15 AM: OnWebBrowserNavigate URL: https://vndb.org/v/all?sq=Umineko no Naku Koro ni Chiru
8/20/2016 12:52:15 AM: Load completed on non-VNDB page: https://vndb.org/v/all?sq=Umineko no Naku Koro ni Chiru
8/20/2016 12:52:15 AM: Selected visual novel changed to: Tsukihime
8/20/2016 12:52:15 AM: Searching VNDB for Tsukihime
8/20/2016 12:52:15 AM: OnWebBrowserNavigate URL: https://vndb.org/v/all?sq=Tsukihime
8/20/2016 12:52:15 AM: Load completed on non-VNDB page: https://vndb.org/v/all?sq=Tsukihime
8/20/2016 12:52:20 AM: Stopping AutoGoToNext (command)
8/20/2016 12:58:24 AM: Starting InitVnList
8/20/2016 12:58:24 AM: Starting InitMenuBar
8/20/2016 12:58:24 AM: Starting ReloadVnListColumns
8/20/2016 12:58:24 AM: Starting LoadVnList
8/20/2016 12:58:24 AM: Starting LoadVnList.
8/20/2016 12:58:24 AM: Ending LoadVnList.
8/20/2016 12:58:25 AM: OnWebBrowserNavigate URL: https://vndb.org/
8/20/2016 12:58:25 AM: Load completed on non-VNDB page: https://vndb.org/
8/20/2016 12:59:15 AM: Starting InitVnList
8/20/2016 12:59:15 AM: Starting InitMenuBar
8/20/2016 12:59:15 AM: Starting ReloadVnListColumns
8/20/2016 12:59:15 AM: Starting LoadVnList
8/20/2016 12:59:15 AM: Starting LoadVnList.
8/20/2016 12:59:15 AM: Ending LoadVnList.
8/20/2016 12:59:16 AM: OnWebBrowserNavigate URL: https://vndb.org/
8/20/2016 12:59:16 AM: Load completed on non-VNDB page: https://vndb.org/
8/20/2016 12:59:18 AM: Starting AutoGoToNext
8/20/2016 12:59:18 AM: Selected visual novel changed to: Air
8/20/2016 12:59:18 AM: Searching VNDB for Air
8/20/2016 12:59:18 AM: OnWebBrowserNavigate URL: https://vndb.org/v/all?sq=Air
8/20/2016 12:59:19 AM: Load completed on non-VNDB page: https://vndb.org/v/all?sq=Air
8/20/2016 12:59:19 AM: Selected visual novel changed to: Clannad
8/20/2016 12:59:19 AM: Searching VNDB for Clannad
8/20/2016 12:59:19 AM: OnWebBrowserNavigate URL: https://vndb.org/v/all?sq=Clannad
8/20/2016 12:59:19 AM: Load completed on non-VNDB page: https://vndb.org/v/all?sq=Clannad
8/20/2016 12:59:19 AM: Selected visual novel changed to: Eroge! Sex and Games Make Sexy Games
8/20/2016 12:59:19 AM: Searching VNDB for Eroge! Sex and Games Make Sexy Games
8/20/2016 12:59:20 AM: OnWebBrowserNavigate URL: https://vndb.org/v4037
8/20/2016 12:59:20 AM: Load completed on VNDB page: https://vndb.org/v4037
8/20/2016 12:59:20 AM: Selected visual novel changed to: Eroge! Sex and Games Make Sexy Games
8/20/2016 12:59:20 AM: Searching VNDB for Eroge! Sex and Games Make Sexy Games
8/20/2016 12:59:20 AM: Saving cover image from https://vndb.org/v4037.
8/20/2016 12:59:21 AM: Starting LoadVnList.
8/20/2016 12:59:21 AM: Ending LoadVnList.
8/20/2016 12:59:21 AM: Selected visual novel changed to: Eroge! Sex and Games Make Sexy Games
8/20/2016 12:59:21 AM: Going to known address: https://vndb.org/v4037
8/20/2016 12:59:21 AM: Selected visual novel changed to: Fate Hollow Ataraxia
8/20/2016 12:59:21 AM: Searching VNDB for Fate Hollow Ataraxia
8/20/2016 12:59:21 AM: OnWebBrowserNavigate URL: https://vndb.org/v/all?sq=Fate Hollow Ataraxia
8/20/2016 12:59:21 AM: Load completed on non-VNDB page: https://vndb.org/v/all?sq=Fate Hollow Ataraxia
8/20/2016 12:59:21 AM: Selected visual novel changed to: Fate Stay Night
8/20/2016 12:59:21 AM: Searching VNDB for Fate Stay Night
8/20/2016 12:59:21 AM: OnWebBrowserNavigate URL: https://vndb.org/v/all?sq=Fate Stay Night
8/20/2016 12:59:21 AM: Load completed on non-VNDB page: https://vndb.org/v/all?sq=Fate Stay Night
8/20/2016 12:59:21 AM: Selected visual novel changed to: Higurashi
8/20/2016 12:59:21 AM: Searching VNDB for Higurashi
8/20/2016 12:59:22 AM: OnWebBrowserNavigate URL: https://vndb.org/v/all?sq=Higurashi
8/20/2016 12:59:22 AM: Load completed on non-VNDB page: https://vndb.org/v/all?sq=Higurashi
8/20/2016 12:59:22 AM: Selected visual novel changed to: Tsukihime
8/20/2016 12:59:22 AM: Searching VNDB for Tsukihime
8/20/2016 12:59:22 AM: OnWebBrowserNavigate URL: https://vndb.org/v/all?sq=Tsukihime
8/20/2016 12:59:22 AM: Load completed on non-VNDB page: https://vndb.org/v/all?sq=Tsukihime
8/20/2016 12:59:22 AM: Selected visual novel changed to: Umineko no Naku Koro ni Chiru
8/20/2016 12:59:22 AM: Searching VNDB for Umineko no Naku Koro ni Chiru
8/20/2016 12:59:22 AM: OnWebBrowserNavigate URL: https://vndb.org/v/all?sq=Umineko no Naku Koro ni Chiru
8/20/2016 12:59:23 AM: Load completed on non-VNDB page: https://vndb.org/v/all?sq=Umineko no Naku Koro ni Chiru
8/20/2016 12:59:27 AM: Selected visual novel changed to: Air
8/20/2016 12:59:27 AM: Searching VNDB for Air
8/20/2016 12:59:28 AM: OnWebBrowserNavigate URL: https://vndb.org/v/all?sq=Air
8/20/2016 12:59:28 AM: Load completed on non-VNDB page: https://vndb.org/v/all?sq=Air
8/20/2016 12:59:31 AM: OnWebBrowserNavigate URL: https://vndb.org/
8/20/2016 12:59:32 AM: Load completed on non-VNDB page: https://vndb.org/
8/20/2016 12:59:33 AM: Selected visual novel changed to: Eroge! Sex and Games Make Sexy Games
8/20/2016 12:59:33 AM: Going to known address: https://vndb.org/v4037
8/20/2016 12:59:33 AM: OnWebBrowserNavigate URL: https://vndb.org/v4037
8/20/2016 12:59:33 AM: Load completed on VNDB page: https://vndb.org/v4037
8/20/2016 12:59:42 AM: Selected visual novel changed to: Air
8/20/2016 12:59:42 AM: Searching VNDB for Air
8/20/2016 12:59:42 AM: OnWebBrowserNavigate URL: https://vndb.org/v/all?sq=Air
8/20/2016 12:59:43 AM: Load completed on non-VNDB page: https://vndb.org/v/all?sq=Air
8/20/2016 12:59:44 AM: OnWebBrowserNavigate URL: https://vndb.org/v36
8/20/2016 12:59:44 AM: Load completed on VNDB page: https://vndb.org/v36
8/20/2016 12:59:47 AM: Setting VN info for: C:\Users\Lukez_000\Desktop\Folders\Projects\VNU Test Dir 1\Air to match Air.
8/20/2016 12:59:47 AM: Selected visual novel changed to: Air
8/20/2016 12:59:47 AM: Searching VNDB for Air
8/20/2016 12:59:47 AM: Saving cover image from https://vndb.org/v36.
8/20/2016 12:59:48 AM: Starting LoadVnList.
8/20/2016 12:59:48 AM: Ending LoadVnList.
8/20/2016 12:59:48 AM: Selected visual novel changed to: Air
8/20/2016 12:59:48 AM: Going to known address: https://vndb.org/v36
8/20/2016 12:59:48 AM: OnWebBrowserNavigate URL: https://vndb.org/v36
8/20/2016 12:59:48 AM: Load completed on VNDB page: https://vndb.org/v36
8/20/2016 12:59:48 AM: Selected visual novel changed to: Clannad
8/20/2016 12:59:48 AM: Searching VNDB for Clannad
8/20/2016 12:59:48 AM: OnWebBrowserNavigate URL: https://vndb.org/v/all?sq=Clannad
8/20/2016 12:59:48 AM: Load completed on non-VNDB page: https://vndb.org/v/all?sq=Clannad
8/20/2016 12:59:50 AM: OnWebBrowserNavigate URL: https://vndb.org/v4
8/20/2016 12:59:51 AM: Load completed on VNDB page: https://vndb.org/v4
8/20/2016 12:59:52 AM: Setting VN info for: C:\Users\Lukez_000\Desktop\Folders\Projects\VNU Test Dir 1\Clannad to match Clannad.
8/20/2016 12:59:52 AM: Selected visual novel changed to: Clannad
8/20/2016 12:59:52 AM: Searching VNDB for Clannad
8/20/2016 12:59:52 AM: Saving cover image from https://vndb.org/v4.
8/20/2016 12:59:52 AM: Starting LoadVnList.
8/20/2016 12:59:52 AM: Ending LoadVnList.
8/20/2016 12:59:52 AM: Selected visual novel changed to: Clannad
8/20/2016 12:59:52 AM: Going to known address: https://vndb.org/v4
8/20/2016 12:59:53 AM: OnWebBrowserNavigate URL: https://vndb.org/v4
8/20/2016 12:59:53 AM: Load completed on VNDB page: https://vndb.org/v4
8/20/2016 12:59:53 AM: Selected visual novel changed to: Fate Hollow Ataraxia
8/20/2016 12:59:53 AM: Searching VNDB for Fate Hollow Ataraxia
8/20/2016 12:59:53 AM: OnWebBrowserNavigate URL: https://vndb.org/v/all?sq=Fate Hollow Ataraxia
8/20/2016 12:59:54 AM: Load completed on non-VNDB page: https://vndb.org/v/all?sq=Fate Hollow Ataraxia
8/20/2016 12:59:56 AM: OnWebBrowserNavigate URL: https://vndb.org/v50
8/20/2016 12:59:57 AM: Load completed on VNDB page: https://vndb.org/v50
8/20/2016 12:59:57 AM: Setting VN info for: C:\Users\Lukez_000\Desktop\Folders\Projects\VNU Test Dir 1\Fate Hollow Ataraxia to match Fate/Hollow Ataraxia.
8/20/2016 12:59:57 AM: Selected visual novel changed to: Fate Hollow Ataraxia
8/20/2016 12:59:57 AM: Searching VNDB for Fate Hollow Ataraxia
8/20/2016 12:59:57 AM: Saving cover image from https://vndb.org/v50.
8/20/2016 12:59:57 AM: Starting LoadVnList.
8/20/2016 12:59:57 AM: Ending LoadVnList.
8/20/2016 12:59:57 AM: Selected visual novel changed to: Fate Hollow Ataraxia
8/20/2016 12:59:57 AM: Going to known address: https://vndb.org/v50
8/20/2016 12:59:57 AM: OnWebBrowserNavigate URL: https://vndb.org/v50
8/20/2016 12:59:58 AM: Load completed on VNDB page: https://vndb.org/v50
8/20/2016 12:59:58 AM: Selected visual novel changed to: Fate Stay Night
8/20/2016 12:59:58 AM: Searching VNDB for Fate Stay Night
8/20/2016 12:59:58 AM: OnWebBrowserNavigate URL: https://vndb.org/v/all?sq=Fate Stay Night
8/20/2016 12:59:58 AM: Load completed on non-VNDB page: https://vndb.org/v/all?sq=Fate Stay Night
8/20/2016 1:00:00 AM: OnWebBrowserNavigate URL: https://vndb.org/v11
8/20/2016 1:00:00 AM: Load completed on VNDB page: https://vndb.org/v11
8/20/2016 1:00:01 AM: Setting VN info for: C:\Users\Lukez_000\Desktop\Folders\Projects\VNU Test Dir 1\Fate Stay Night to match Fate/Stay Night.
8/20/2016 1:00:01 AM: Selected visual novel changed to: Fate Stay Night
8/20/2016 1:00:01 AM: Searching VNDB for Fate Stay Night
8/20/2016 1:00:01 AM: Saving cover image from https://vndb.org/v11.
8/20/2016 1:00:01 AM: Starting LoadVnList.
8/20/2016 1:00:02 AM: Ending LoadVnList.
8/20/2016 1:00:02 AM: Selected visual novel changed to: Fate Stay Night
8/20/2016 1:00:02 AM: Going to known address: https://vndb.org/v11
8/20/2016 1:00:02 AM: OnWebBrowserNavigate URL: https://vndb.org/v11
8/20/2016 1:00:02 AM: Load completed on VNDB page: https://vndb.org/v11
8/20/2016 1:00:02 AM: Selected visual novel changed to: Higurashi
8/20/2016 1:00:02 AM: Searching VNDB for Higurashi
8/20/2016 1:00:02 AM: OnWebBrowserNavigate URL: https://vndb.org/v/all?sq=Higurashi
8/20/2016 1:00:02 AM: Load completed on non-VNDB page: https://vndb.org/v/all?sq=Higurashi
8/20/2016 1:00:04 AM: OnWebBrowserNavigate URL: https://vndb.org/v67
8/20/2016 1:00:05 AM: Load completed on VNDB page: https://vndb.org/v67
8/20/2016 1:00:06 AM: Setting VN info for: C:\Users\Lukez_000\Desktop\Folders\Projects\VNU Test Dir 1\Higurashi to match Higurashi no Naku Koro ni.
8/20/2016 1:00:06 AM: Selected visual novel changed to: Higurashi
8/20/2016 1:00:06 AM: Searching VNDB for Higurashi
8/20/2016 1:00:06 AM: Saving cover image from https://vndb.org/v67.
8/20/2016 1:00:06 AM: Starting LoadVnList.
8/20/2016 1:00:06 AM: Ending LoadVnList.
8/20/2016 1:00:06 AM: Selected visual novel changed to: Higurashi
8/20/2016 1:00:06 AM: Going to known address: https://vndb.org/v67
8/20/2016 1:00:06 AM: OnWebBrowserNavigate URL: https://vndb.org/v67
8/20/2016 1:00:06 AM: Load completed on VNDB page: https://vndb.org/v67
8/20/2016 1:00:07 AM: Selected visual novel changed to: Tsukihime
8/20/2016 1:00:07 AM: Searching VNDB for Tsukihime
8/20/2016 1:00:07 AM: OnWebBrowserNavigate URL: https://vndb.org/v/all?sq=Tsukihime
8/20/2016 1:00:07 AM: Load completed on non-VNDB page: https://vndb.org/v/all?sq=Tsukihime
8/20/2016 1:00:09 AM: OnWebBrowserNavigate URL: https://vndb.org/v17909
8/20/2016 1:00:09 AM: Load completed on VNDB page: https://vndb.org/v17909
8/20/2016 1:00:11 AM: Setting VN info for: C:\Users\Lukez_000\Desktop\Folders\Projects\VNU Test Dir 1\Tsukihime to match Tsukihime.
8/20/2016 1:00:11 AM: Selected visual novel changed to: Tsukihime
8/20/2016 1:00:11 AM: Searching VNDB for Tsukihime
8/20/2016 1:00:11 AM: Saving cover image from https://vndb.org/v17909.
8/20/2016 1:00:11 AM: Starting LoadVnList.
8/20/2016 1:00:11 AM: Ending LoadVnList.
8/20/2016 1:00:11 AM: Selected visual novel changed to: Tsukihime
8/20/2016 1:00:11 AM: Going to known address: https://vndb.org/v17909
8/20/2016 1:00:11 AM: OnWebBrowserNavigate URL: https://vndb.org/v17909
8/20/2016 1:00:11 AM: Load completed on VNDB page: https://vndb.org/v17909
8/20/2016 1:00:12 AM: Selected visual novel changed to: Umineko no Naku Koro ni Chiru
8/20/2016 1:00:12 AM: Searching VNDB for Umineko no Naku Koro ni Chiru
8/20/2016 1:00:12 AM: OnWebBrowserNavigate URL: https://vndb.org/v/all?sq=Umineko no Naku Koro ni Chiru
8/20/2016 1:00:12 AM: Load completed on non-VNDB page: https://vndb.org/v/all?sq=Umineko no Naku Koro ni Chiru
8/20/2016 1:00:13 AM: OnWebBrowserNavigate URL: https://vndb.org/v2153
8/20/2016 1:00:13 AM: Load completed on VNDB page: https://vndb.org/v2153
8/20/2016 1:00:15 AM: Setting VN info for: C:\Users\Lukez_000\Desktop\Folders\Projects\VNU Test Dir 1\Umineko no Naku Koro ni Chiru to match Umineko no Naku Koro ni Chiru.
8/20/2016 1:00:15 AM: Selected visual novel changed to: Umineko no Naku Koro ni Chiru
8/20/2016 1:00:15 AM: Searching VNDB for Umineko no Naku Koro ni Chiru
8/20/2016 1:00:15 AM: Saving cover image from https://vndb.org/v2153.
8/20/2016 1:00:15 AM: Starting LoadVnList.
8/20/2016 1:00:15 AM: Ending LoadVnList.
8/20/2016 1:00:15 AM: Selected visual novel changed to: Umineko no Naku Koro ni Chiru
8/20/2016 1:00:15 AM: Going to known address: https://vndb.org/v2153
8/20/2016 1:00:16 AM: OnWebBrowserNavigate URL: https://vndb.org/v2153
8/20/2016 1:00:16 AM: Load completed on VNDB page: https://vndb.org/v2153
8/20/2016 1:00:39 AM: Mass renaming to English.
8/20/2016 1:00:46 AM: Mass renaming to Japanese.
8/20/2016 1:00:49 AM: Mass renaming to English.
8/20/2016 1:00:51 AM: Opening cover grid with 8 VNs
8/20/2016 1:00:55 AM: Cover Image Clicked: C:\Users\Lukez_000\Desktop\Folders\Projects\VNU Test Dir 1\Fate／Hollow Ataraxia
8/20/2016 1:00:55 AM: Selected visual novel changed to: Fate／Hollow Ataraxia
8/20/2016 1:00:55 AM: Going to known address: https://vndb.org/v50
8/20/2016 1:00:56 AM: OnWebBrowserNavigate URL: https://vndb.org/v50
8/20/2016 1:00:56 AM: Load completed on VNDB page: https://vndb.org/v50
8/20/2016 1:00:56 AM: Cover Image Clicked: C:\Users\Lukez_000\Desktop\Folders\Projects\VNU Test Dir 1\Eroge! ~H mo Game mo Kaihatsu Zanmai~
8/20/2016 1:00:56 AM: Selected visual novel changed to: Eroge! ~H mo Game mo Kaihatsu Zanmai~
8/20/2016 1:00:56 AM: Going to known address: https://vndb.org/v4037
8/20/2016 1:00:57 AM: OnWebBrowserNavigate URL: https://vndb.org/v4037
8/20/2016 1:00:57 AM: Load completed on VNDB page: https://vndb.org/v4037
8/20/2016 1:00:57 AM: Cover Image Clicked: C:\Users\Lukez_000\Desktop\Folders\Projects\VNU Test Dir 1\Umineko no Naku Koro ni Chiru
8/20/2016 1:00:57 AM: Selected visual novel changed to: Umineko no Naku Koro ni Chiru
8/20/2016 1:00:57 AM: Going to known address: https://vndb.org/v2153
8/20/2016 1:00:58 AM: OnWebBrowserNavigate URL: https://vndb.org/v2153
8/20/2016 1:00:58 AM: Load completed on VNDB page: https://vndb.org/v2153
8/20/2016 1:00:58 AM: Cover Image Clicked: C:\Users\Lukez_000\Desktop\Folders\Projects\VNU Test Dir 1\Clannad
8/20/2016 1:00:58 AM: Selected visual novel changed to: Clannad
8/20/2016 1:00:58 AM: Going to known address: https://vndb.org/v4
8/20/2016 1:00:58 AM: OnWebBrowserNavigate URL: https://vndb.org/v4
8/20/2016 1:00:58 AM: Load completed on VNDB page: https://vndb.org/v4
8/20/2016 1:00:58 AM: Cover Image Clicked: C:\Users\Lukez_000\Desktop\Folders\Projects\VNU Test Dir 1\Tsukihime
8/20/2016 1:00:58 AM: Selected visual novel changed to: Tsukihime
8/20/2016 1:00:58 AM: Going to known address: https://vndb.org/v17909
8/20/2016 1:00:59 AM: OnWebBrowserNavigate URL: https://vndb.org/v17909
8/20/2016 1:00:59 AM: Load completed on VNDB page: https://vndb.org/v17909
8/20/2016 1:00:59 AM: Cover Image Clicked: C:\Users\Lukez_000\Desktop\Folders\Projects\VNU Test Dir 1\Fate／Stay Night
8/20/2016 1:00:59 AM: Selected visual novel changed to: Fate／Stay Night
8/20/2016 1:00:59 AM: Going to known address: https://vndb.org/v11
8/20/2016 1:00:59 AM: OnWebBrowserNavigate URL: https://vndb.org/v11
8/20/2016 1:00:59 AM: Load completed on VNDB page: https://vndb.org/v11
8/20/2016 1:01:04 AM: Opening settings.
8/20/2016 1:01:08 AM: Selected visual novel changed to: Eroge! ~H mo Game mo Kaihatsu Zanmai~
8/20/2016 1:01:08 AM: Going to known address: https://vndb.org/v4037
8/20/2016 1:01:08 AM: OnWebBrowserNavigate URL: https://vndb.org/v4037
8/20/2016 1:01:08 AM: Load completed on VNDB page: https://vndb.org/v4037
8/20/2016 1:01:10 AM: OnWebBrowserNavigate URL: http://jisho.org/search/えろげー！～Hもゲームも開発三昧～
8/20/2016 1:01:10 AM: Load completed on non-VNDB page: about:blank
8/20/2016 1:01:10 AM: OnWebBrowserNavigate URL: https://googleads.g.doubleclick.net/pagead/html/r20160816/r20160727/zrt_lookup.html
8/20/2016 1:01:11 AM: Load completed on non-VNDB page: https://googleads.g.doubleclick.net/pagead/html/r20160816/r20160727/zrt_lookup.html
8/20/2016 1:01:11 AM: OnWebBrowserNavigate URL: https://googleads.g.doubleclick.net/pagead/ads?client=ca-pub-2041681684284441&format=300x250&output=html&h=250&slotname=7384898611&adk=4003815209&adf=2785756499&w=300&lmt=1471669270&avail_w=304&flash=22.0.0&url=http:%2F%2Fjisho.org%2Fsearch%2F%25E3%2581%2588%25E3%2582%258D%25E3%2581%2592%25E3%2583%25BC%25EF%25BC%2581%25EF%25BD%259EH%25E3%2582%2582%25E3%2582%25B2%25E3%2583%25BC%25E3%2583%25A0%25E3%2582%2582%25E9%2596%258B%25E7%2599%25BA%25E4%25B8%2589%25E6%2598%25A7%25EF%25BD%259E&wgl=1&dt=1471669270353&bpp=142&bdt=397&fdt=170&idt=395&shv=r20160816&cbv=r20160727&saldr=aa&correlator=6091248102943&frm=20&ga_vid=414902762.1465184669&ga_sid=1471669271&ga_hid=373433204&ga_fc=0&pv=2&icsg=2&nhd=1&dssz=2&mdo=0&mso=0&u_tz=-240&u_his=34&u_java=1&u_h=1080&u_w=1920&u_ah=1040&u_aw=1920&u_cd=24&u_nplug=2&u_nmime=4&dff=times new roman&dfs=16&adx=953&ady=306&biw=1542&bih=932&eid=575144605&oid=3&rx=0&eae=0&fc=80&pc=1&docm=11&brdim=361%2C83%2C-8%2C-8%2C1920%2C%2C1936%2C1056%2C1559%2C932&vis=1&rsz=|||&abl=CS&ppjl=t&pfx=0&fu=16&bc=1&ifi=1&xpc=A7iMFtHKzr&p=http://jisho.org&dtd=437
8/20/2016 1:01:11 AM: OnWebBrowserNavigate URL: https://login.persona.org/communication_iframe
8/20/2016 1:01:11 AM: OnWebBrowserNavigate URL: https://googleads.g.doubleclick.net/pagead/ads?client=ca-pub-2041681684284441&format=728x90&output=html&h=90&slotname=7004904215&adk=1772922512&adf=2313077782&w=728&lmt=1471669271&flash=22.0.0&url=http:%2F%2Fjisho.org%2Fsearch%2F%25E3%2581%2588%25E3%2582%258D%25E3%2581%2592%25E3%2583%25BC%25EF%25BC%2581%25EF%25BD%259EH%25E3%2582%2582%25E3%2582%25B2%25E3%2583%25BC%25E3%2583%25A0%25E3%2582%2582%25E9%2596%258B%25E7%2599%25BA%25E4%25B8%2589%25E6%2598%25A7%25EF%25BD%259E&wgl=1&dt=1471669270664&bpp=6&bdt=709&fdt=633&idt=668&shv=r20160816&cbv=r20160727&saldr=aa&prev_fmts=300x250&correlator=6091248102943&frm=20&ga_vid=414902762.1465184669&ga_sid=1471669271&ga_hid=373433204&ga_fc=0&pv=1&icsg=2&nhd=1&dssz=2&mdo=0&mso=0&u_tz=-240&u_his=34&u_java=1&u_h=1080&u_w=1920&u_ah=1040&u_aw=1920&u_cd=24&u_nplug=2&u_nmime=4&dff=times new roman&dfs=16&adx=371&ady=4285&biw=1542&bih=932&eid=575144605&oid=3&rx=0&eae=0&fc=80&pc=1&docm=11&brdim=361%2C83%2C-8%2C-8%2C1920%2C%2C1936%2C1056%2C1559%2C932&vis=1&rsz=|||&abl=CS&ppjl=t&pfx=0&fu=16&bc=1&ifi=2&xpc=BBu17DF9FQ&p=http://jisho.org&dtd=695
8/20/2016 1:01:12 AM: Load completed on non-VNDB page: https://login.persona.org/communication_iframe
8/20/2016 1:01:12 AM: OnWebBrowserNavigate URL: https://googleads.g.doubleclick.net/xbbe/pixel?d=CN8DEOPYJxiR58kI&v=APEucNUfPK9VzN-BCp7wXIkI0xLUs_am6VYJrvBxD7JldscX3oqVnfZf1_atgVIlSuLQBZfr_6PNehPR114CTxV5p-47BE48pNyF-IpIHbU03P3qJkX7DK0
8/20/2016 1:01:12 AM: OnWebBrowserNavigate URL: res://ieframe.dll/navcancl.htm#https://cm.g.doubleclick.net/push?client=ca-pub-2041681684284441&srn=gdn
8/20/2016 1:01:12 AM: Load completed on non-VNDB page: https://googleads.g.doubleclick.net/xbbe/pixel?d=CN8DEOPYJxiR58kI&v=APEucNUfPK9VzN-BCp7wXIkI0xLUs_am6VYJrvBxD7JldscX3oqVnfZf1_atgVIlSuLQBZfr_6PNehPR114CTxV5p-47BE48pNyF-IpIHbU03P3qJkX7DK0
8/20/2016 1:01:13 AM: OnWebBrowserNavigate URL: https://tpc.googlesyndication.com/sodar/cTrvNaRi.html
8/20/2016 1:01:13 AM: Load completed on non-VNDB page: https://tpc.googlesyndication.com/sodar/cTrvNaRi.html
8/20/2016 1:01:13 AM: OnWebBrowserNavigate URL: https://s0.2mdn.net/4476300/1471366363766/BTS-2-DEMO_300x250/index.html
8/20/2016 1:01:13 AM: OnWebBrowserNavigate URL: res://ieframe.dll/navcancl.htm#https://cm.g.doubleclick.net/push?client=ca-pub-2041681684284441&srn=gdn
8/20/2016 1:01:13 AM: Load completed on non-VNDB page: https://s0.2mdn.net/4476300/1471366363766/BTS-2-DEMO_300x250/index.html
8/20/2016 1:01:17 AM: Opening help.
8/20/2016 1:01:25 AM: OnWebBrowserNavigate URL: https://vndb.org/v4037
8/20/2016 1:01:25 AM: Load completed on VNDB page: https://vndb.org/v4037
8/20/2016 1:01:27 AM: OnWebBrowserNavigate URL: https://vndb.org/
8/20/2016 1:01:27 AM: Load completed on non-VNDB page: https://vndb.org/
8/20/2016 1:01:28 AM: OnWebBrowserNavigate URL: https://vndb.org/v4037
8/20/2016 1:01:28 AM: Load completed on VNDB page: https://vndb.org/v4037
8/20/2016 1:01:30 AM: OnWebBrowserNavigate URL: https://vndb.org/
8/20/2016 1:01:30 AM: Load completed on non-VNDB page: https://vndb.org/
8/20/2016 1:01:31 AM: OnWebBrowserNavigate URL: https://vndb.org/v12095
8/20/2016 1:01:32 AM: Load completed on VNDB page: https://vndb.org/v12095
8/20/2016 1:01:33 AM: OnWebBrowserNavigate URL: http://sukebei.nyaa.se/?page=search&cats=7_27&term=催淫～生意気な女達の中へサインイン！～&sort=2
8/20/2016 1:01:34 AM: Load completed on non-VNDB page: http://sukebei.nyaa.se/?page=search&cats=7_27&term=催淫～生意気な女達の中へサインイン！～&sort=2
8/20/2016 1:01:35 AM: OnWebBrowserNavigate URL: https://vndb.org/v12095
8/20/2016 1:01:35 AM: Load completed on VNDB page: https://vndb.org/v12095
8/20/2016 1:01:38 AM: OnWebBrowserNavigate URL: http://sukebei.nyaa.se/?page=search&cats=7_27&term=催淫～生意気な女達の中へサインイン！～&sort=2
8/20/2016 1:01:38 AM: Load completed on non-VNDB page: http://sukebei.nyaa.se/?page=search&cats=7_27&term=催淫～生意気な女達の中へサインイン！～&sort=2
8/20/2016 1:01:47 AM: OnWebBrowserNavigate URL: http://sukebei.nyaa.se/?page=search&cats=7_27&filter=0&term=催淫～生意気な女達の中へサインイン
8/20/2016 1:01:47 AM: Load completed on non-VNDB page: http://sukebei.nyaa.se/?page=search&cats=7_27&filter=0&term=催淫～生意気な女達の中へサインイン
8/20/2016 1:01:48 AM: OnWebBrowserNavigate URL: http://sukebei.nyaa.se/?page=search&cats=7_27&term=催淫～生意気な女達の中へサインイン！～&sort=2
8/20/2016 1:01:48 AM: Load completed on non-VNDB page: http://sukebei.nyaa.se/?page=search&cats=7_27&term=催淫～生意気な女達の中へサインイン！～&sort=2
8/20/2016 1:01:49 AM: OnWebBrowserNavigate URL: https://vndb.org/v12095
8/20/2016 1:01:49 AM: Load completed on VNDB page: https://vndb.org/v12095
8/20/2016 1:01:52 AM: OnWebBrowserNavigate URL: https://vndb.org/
8/20/2016 1:01:53 AM: Load completed on non-VNDB page: https://vndb.org/
8/20/2016 1:01:56 AM: OnWebBrowserNavigate URL: https://vndb.org/
8/20/2016 1:01:57 AM: Load completed on non-VNDB page: https://vndb.org/
8/20/2016 1:02:00 AM: OnWebBrowserNavigate URL: https://vndb.org/
8/20/2016 1:02:01 AM: Load completed on non-VNDB page: https://vndb.org/
8/20/2016 1:02:05 AM: OnWebBrowserNavigate URL: https://vndb.org/r47230
8/20/2016 1:02:05 AM: Load completed on non-VNDB page: https://vndb.org/r47230
8/20/2016 1:02:07 AM: OnWebBrowserNavigate URL: https://vndb.org/
8/20/2016 1:02:07 AM: Load completed on non-VNDB page: https://vndb.org/
8/20/2016 1:02:13 AM: OnWebBrowserNavigate URL: https://vndb.org/r45943
8/20/2016 1:02:13 AM: Load completed on non-VNDB page: https://vndb.org/r45943
8/20/2016 1:02:14 AM: OnWebBrowserNavigate URL: https://vndb.org/
8/20/2016 1:02:14 AM: Load completed on non-VNDB page: https://vndb.org/
8/20/2016 1:02:20 AM: OnWebBrowserNavigate URL: https://vndb.org/v9808
8/20/2016 1:02:21 AM: Load completed on VNDB page: https://vndb.org/v9808
8/20/2016 1:02:22 AM: OnWebBrowserNavigate URL: https://vndb.org/
8/20/2016 1:02:22 AM: Load completed on non-VNDB page: https://vndb.org/
8/20/2016 1:02:23 AM: OnWebBrowserNavigate URL: https://vndb.org/v13576
8/20/2016 1:02:23 AM: Load completed on VNDB page: https://vndb.org/v13576
8/20/2016 1:02:26 AM: OnWebBrowserNavigate URL: http://sukebei.nyaa.se/?page=view&tid=1856946
8/20/2016 1:02:31 AM: OnWebBrowserNavigate URL: http://sukebei.nyaa.se/?page=view&tid=1856946
8/20/2016 1:02:33 AM: OnWebBrowserNavigate URL: http://sukebei.nyaa.se/?page=view&tid=1856946
8/20/2016 1:02:35 AM: OnWebBrowserNavigate URL: https://vndb.org/v13576
8/20/2016 1:02:35 AM: Load completed on VNDB page: https://vndb.org/v13576
8/20/2016 1:02:35 AM: OnWebBrowserNavigate URL: https://vndb.org/
8/20/2016 1:02:35 AM: Load completed on non-VNDB page: https://vndb.org/
8/20/2016 1:02:39 AM: OnWebBrowserNavigate URL: https://vndb.org/v8553
8/20/2016 1:02:40 AM: Load completed on VNDB page: https://vndb.org/v8553
8/20/2016 1:02:41 AM: OnWebBrowserNavigate URL: https://vndb.org/
8/20/2016 1:02:41 AM: Load completed on non-VNDB page: https://vndb.org/
8/20/2016 1:02:43 AM: OnWebBrowserNavigate URL: https://vndb.org/v2214
8/20/2016 1:02:44 AM: Load completed on VNDB page: https://vndb.org/v2214
8/20/2016 1:02:46 AM: OnWebBrowserNavigate URL: http://sukebei.nyaa.se/?page=search&cats=7_27&term=鬼父2&sort=2
8/20/2016 1:02:46 AM: Load completed on non-VNDB page: http://sukebei.nyaa.se/?page=search&cats=7_27&term=鬼父2&sort=2
8/20/2016 1:02:49 AM: OnWebBrowserNavigate URL: http://sukebei.nyaa.se/?page=search&cats=7_27&term=Onichichi 2&sort=2
8/20/2016 1:02:49 AM: Load completed on non-VNDB page: http://sukebei.nyaa.se/?page=search&cats=7_27&term=Onichichi 2&sort=2
8/20/2016 1:02:54 AM: Selected visual novel changed to: Air
8/20/2016 1:02:54 AM: Going to known address: https://vndb.org/v36
8/20/2016 1:02:55 AM: OnWebBrowserNavigate URL: https://vndb.org/v36
8/20/2016 1:02:55 AM: Load completed on VNDB page: https://vndb.org/v36
8/20/2016 1:02:55 AM: Selected visual novel changed to: Umineko no Naku Koro ni Chiru
8/20/2016 1:02:55 AM: Going to known address: https://vndb.org/v2153
8/20/2016 1:02:55 AM: OnWebBrowserNavigate URL: https://vndb.org/v2153
8/20/2016 1:02:55 AM: Selected visual novel changed to: Higurashi no Naku Koro ni
8/20/2016 1:02:55 AM: Going to known address: https://vndb.org/v67
8/20/2016 1:02:55 AM: Load completed on VNDB page: https://vndb.org/v2153
8/20/2016 1:02:56 AM: OnWebBrowserNavigate URL: https://vndb.org/v67
8/20/2016 1:02:56 AM: Load completed on VNDB page: https://vndb.org/v67
8/20/2016 1:03:00 AM: Opening directories window.
8/20/2016 1:03:01 AM: Starting LoadVnList.
8/20/2016 1:03:01 AM: Ending LoadVnList.
8/20/2016 1:03:16 AM: Opening directories window.
8/20/2016 1:03:47 AM: Starting LoadVnList.
8/20/2016 1:03:48 AM: Ending LoadVnList.
8/20/2016 1:49:01 AM: Starting InitVnList
8/20/2016 1:49:01 AM: Starting InitMenuBar
8/20/2016 1:49:01 AM: Starting ReloadVnListColumns
8/20/2016 1:49:01 AM: Starting LoadVnList
8/20/2016 1:49:01 AM: Starting LoadVnList.
8/20/2016 1:49:02 AM: Ending LoadVnList.
8/20/2016 1:49:03 AM: OnWebBrowserNavigate URL: https://vndb.org/
8/20/2016 1:49:03 AM: Load completed on non-VNDB page: https://vndb.org/
8/20/2016 1:59:05 AM: Starting InitVnList
8/20/2016 1:59:05 AM: Starting InitMenuBar
8/20/2016 1:59:05 AM: Starting ReloadVnListColumns
8/20/2016 1:59:05 AM: Starting LoadVnList
8/20/2016 1:59:05 AM: Starting LoadVnList.
8/20/2016 1:59:06 AM: Ending LoadVnList.
8/20/2016 1:59:08 AM: Load completed on non-VNDB page: https://vndb.org/
